  Animator.cpp
  MotionAssetPool.cpp
  MotionManager.cpp
  StateMachineController.cpp
  StateNode.cpp
  TransitionConditions.cpp
  VMD.cpp
  VMDLoader.cpp
  Fence.cpp
  CommandAllocator.cpp
  CommandListLibrary.cpp
  CommandQueue.cpp
  GraphicsCommandList.cpp
  GraphicsContextLibrary.cpp
  DescriptorHeap.cpp
  D3D12Device.cpp
  DebugDevice.cpp
  DrawableComponent.cpp
  Factory.cpp
  FontData.cpp
  FontsManager.cpp
  Camera.cpp
  GameObject.cpp
  Light.cpp
  LightManager.cpp
  Capsule.cpp
  Cube.cpp
  Cylinder.cpp
  Plane.cpp
  PrimitiveComponent.cpp
  PrimitiveCreater.cpp
  PrimitiveObject.cpp
  Quad.cpp
  Sphere.cpp
  Sprite.cpp
  RendererMaterial.cpp
  Scene.cpp
  Transform.cpp
  GamePad.cpp
  GamePadManager.cpp
  InputManager.cpp
  InstanceDataManager.cpp
  MMDModel.cpp
  MMDModelManager.cpp
  MMDModelResourceData.cpp
  MMDModelResourceDataManager.cpp
  ModelConverter.cpp
  ModelMesh.cpp
  ModelObject.cpp
  ModelPool.cpp
  ModelResource.cpp
  PMDLoader.cpp
  PMDModel.cpp
  PMXLoader.cpp
  PMXModel.cpp
  PipelineStateObject.cpp
  GBufferSprite.cpp
  RenderingManager.cpp
  RenderingPathObject.cpp
  ConstantBuffer.cpp
  DepthStencilBuffer.cpp
  IndexBuffer.cpp
  RenderTarget.cpp
  Resource.cpp
  ResourceCreater.cpp
  ShaderResource.cpp
  StructuredBuffer.cpp
  UnorderdAccessView.cpp
  VertexBuffer.cpp
  HLSLIncluder.cpp
  ShaderCluster.cpp
  ShaderManager.cpp
  ShaderObjectLibrary.cpp
  CommandSignature.cpp
  RootSignature.cpp
  D3D12System.cpp
  TextureLoader.cpp
  TextureManager.cpp
  Curve.cpp
  Logger.cpp
  ManagerComponentBase.cpp
  Math.cpp
  NonCopyable.cpp
  WICTextureLoader12.cpp
  Window.cpp
  WindowManager.cpp
  Main.cpp
  stdafx.cpp
  D3D12MiniLibrary.vcxproj -> D:\Users\Onbashira\Desktop\TBDR\TBDR\K3D12Lib\x64\Debug\D3D12MiniLibrary.exe
