d:\users\onbashira\desktop\k3d12libtestdrawer\k3d12libtestdrawer\k3d12lib\d3d12minilibrary\x64\debug\vmdloader.obj
d:\users\onbashira\desktop\k3d12libtestdrawer\k3d12libtestdrawer\k3d12lib\d3d12minilibrary\x64\debug\commandlistlibrary.obj
d:\users\onbashira\desktop\k3d12libtestdrawer\k3d12libtestdrawer\k3d12lib\d3d12minilibrary\x64\debug\fontdata.obj
d:\users\onbashira\desktop\k3d12libtestdrawer\k3d12libtestdrawer\k3d12lib\d3d12minilibrary\x64\debug\cylinder.obj
d:\users\onbashira\desktop\k3d12libtestdrawer\k3d12libtestdrawer\k3d12lib\d3d12minilibrary\x64\debug\scene.obj
d:\users\onbashira\desktop\k3d12libtestdrawer\k3d12libtestdrawer\k3d12lib\d3d12minilibrary\x64\debug\transform.obj
d:\users\onbashira\desktop\k3d12libtestdrawer\k3d12libtestdrawer\k3d12lib\d3d12minilibrary\x64\debug\mmdmodel.obj
d:\users\onbashira\desktop\k3d12libtestdrawer\k3d12libtestdrawer\k3d12lib\d3d12minilibrary\x64\debug\pmxmodel.obj
d:\users\onbashira\desktop\k3d12libtestdrawer\k3d12libtestdrawer\k3d12lib\d3d12minilibrary\x64\debug\renderingpathobject.obj
d:\users\onbashira\desktop\k3d12libtestdrawer\k3d12libtestdrawer\k3d12lib\d3d12minilibrary\x64\debug\structuredbuffer.obj
d:\users\onbashira\desktop\k3d12libtestdrawer\k3d12libtestdrawer\k3d12lib\d3d12minilibrary\x64\debug\textureloader.obj
d:\users\onbashira\desktop\k3d12libtestdrawer\k3d12libtestdrawer\k3d12lib\d3d12minilibrary\x64\debug\statenode.obj
d:\users\onbashira\desktop\k3d12libtestdrawer\k3d12libtestdrawer\k3d12lib\d3d12minilibrary\x64\debug\graphicscommandlist.obj
d:\users\onbashira\desktop\k3d12libtestdrawer\k3d12libtestdrawer\k3d12lib\d3d12minilibrary\x64\debug\gameobject.obj
d:\users\onbashira\desktop\k3d12libtestdrawer\k3d12libtestdrawer\k3d12lib\d3d12minilibrary\x64\debug\primitivecreater.obj
d:\users\onbashira\desktop\k3d12libtestdrawer\k3d12libtestdrawer\k3d12lib\d3d12minilibrary\x64\debug\inputmanager.obj
d:\users\onbashira\desktop\k3d12libtestdrawer\k3d12libtestdrawer\k3d12lib\d3d12minilibrary\x64\debug\modelresource.obj
d:\users\onbashira\desktop\k3d12libtestdrawer\k3d12libtestdrawer\k3d12lib\d3d12minilibrary\x64\debug\renderingmanager.obj
d:\users\onbashira\desktop\k3d12libtestdrawer\k3d12libtestdrawer\k3d12lib\d3d12minilibrary\x64\debug\shaderresource.obj
d:\users\onbashira\desktop\k3d12libtestdrawer\k3d12libtestdrawer\k3d12lib\d3d12minilibrary\x64\debug\d3d12system.obj
d:\users\onbashira\desktop\k3d12libtestdrawer\k3d12libtestdrawer\k3d12lib\d3d12minilibrary\x64\debug\transitionconditions.obj
d:\users\onbashira\desktop\k3d12libtestdrawer\k3d12libtestdrawer\k3d12lib\d3d12minilibrary\x64\debug\fence.obj
d:\users\onbashira\desktop\k3d12libtestdrawer\k3d12libtestdrawer\k3d12lib\d3d12minilibrary\x64\debug\factory.obj
d:\users\onbashira\desktop\k3d12libtestdrawer\k3d12libtestdrawer\k3d12lib\d3d12minilibrary\x64\debug\cube.obj
d:\users\onbashira\desktop\k3d12libtestdrawer\k3d12libtestdrawer\k3d12lib\d3d12minilibrary\x64\debug\sprite.obj
d:\users\onbashira\desktop\k3d12libtestdrawer\k3d12libtestdrawer\k3d12lib\d3d12minilibrary\x64\debug\modelconverter.obj
d:\users\onbashira\desktop\k3d12libtestdrawer\k3d12libtestdrawer\k3d12lib\d3d12minilibrary\x64\debug\gbuffersprite.obj
d:\users\onbashira\desktop\k3d12libtestdrawer\k3d12libtestdrawer\k3d12lib\d3d12minilibrary\x64\debug\resourcecreater.obj
d:\users\onbashira\desktop\k3d12libtestdrawer\k3d12libtestdrawer\k3d12lib\d3d12minilibrary\x64\debug\shaderobjectlibrary.obj
d:\users\onbashira\desktop\k3d12libtestdrawer\k3d12libtestdrawer\k3d12lib\d3d12minilibrary\x64\debug\window.obj
d:\users\onbashira\desktop\k3d12libtestdrawer\k3d12libtestdrawer\k3d12lib\d3d12minilibrary\x64\debug\motionassetpool.obj
d:\users\onbashira\desktop\k3d12libtestdrawer\k3d12libtestdrawer\k3d12lib\d3d12minilibrary\x64\debug\graphicscontextlibrary.obj
d:\users\onbashira\desktop\k3d12libtestdrawer\k3d12libtestdrawer\k3d12lib\d3d12minilibrary\x64\debug\camera.obj
d:\users\onbashira\desktop\k3d12libtestdrawer\k3d12libtestdrawer\k3d12lib\d3d12minilibrary\x64\debug\primitivecomponent.obj
d:\users\onbashira\desktop\k3d12libtestdrawer\k3d12libtestdrawer\k3d12lib\d3d12minilibrary\x64\debug\gamepadmanager.obj
d:\users\onbashira\desktop\k3d12libtestdrawer\k3d12libtestdrawer\k3d12lib\d3d12minilibrary\x64\debug\modelobject.obj
d:\users\onbashira\desktop\k3d12libtestdrawer\k3d12libtestdrawer\k3d12lib\d3d12minilibrary\x64\debug\modelpool.obj
d:\users\onbashira\desktop\k3d12libtestdrawer\k3d12libtestdrawer\k3d12lib\d3d12minilibrary\x64\debug\depthstencilbuffer.obj
d:\users\onbashira\desktop\k3d12libtestdrawer\k3d12libtestdrawer\k3d12lib\d3d12minilibrary\x64\debug\vertexbuffer.obj
d:\users\onbashira\desktop\k3d12libtestdrawer\k3d12libtestdrawer\k3d12lib\d3d12minilibrary\x64\debug\managercomponentbase.obj
d:\users\onbashira\desktop\k3d12libtestdrawer\k3d12libtestdrawer\k3d12lib\d3d12minilibrary\x64\debug\noncopyable.obj
d:\users\onbashira\desktop\k3d12libtestdrawer\k3d12libtestdrawer\k3d12lib\d3d12minilibrary\x64\debug\wictextureloader12.obj
d:\users\onbashira\desktop\k3d12libtestdrawer\k3d12libtestdrawer\k3d12lib\d3d12minilibrary\x64\debug\windowmanager.obj
d:\users\onbashira\desktop\k3d12libtestdrawer\k3d12libtestdrawer\k3d12lib\d3d12minilibrary\x64\debug\main.obj
d:\users\onbashira\desktop\k3d12libtestdrawer\k3d12libtestdrawer\k3d12lib\d3d12minilibrary\x64\debug\vmd.obj
d:\users\onbashira\desktop\k3d12libtestdrawer\k3d12libtestdrawer\k3d12lib\d3d12minilibrary\x64\debug\commandallocator.obj
d:\users\onbashira\desktop\k3d12libtestdrawer\k3d12libtestdrawer\k3d12lib\d3d12minilibrary\x64\debug\d3d12device.obj
d:\users\onbashira\desktop\k3d12libtestdrawer\k3d12libtestdrawer\k3d12lib\d3d12minilibrary\x64\debug\light.obj
d:\users\onbashira\desktop\k3d12libtestdrawer\k3d12libtestdrawer\k3d12lib\d3d12minilibrary\x64\debug\primitiveobject.obj
d:\users\onbashira\desktop\k3d12libtestdrawer\k3d12libtestdrawer\k3d12lib\d3d12minilibrary\x64\debug\renderermaterial.obj
d:\users\onbashira\desktop\k3d12libtestdrawer\k3d12libtestdrawer\k3d12lib\d3d12minilibrary\x64\debug\instancedatamanager.obj
d:\users\onbashira\desktop\k3d12libtestdrawer\k3d12libtestdrawer\k3d12lib\d3d12minilibrary\x64\debug\mmdmodelmanager.obj
d:\users\onbashira\desktop\k3d12libtestdrawer\k3d12libtestdrawer\k3d12lib\d3d12minilibrary\x64\debug\pmdmodel.obj
d:\users\onbashira\desktop\k3d12libtestdrawer\k3d12libtestdrawer\k3d12lib\d3d12minilibrary\x64\debug\constantbuffer.obj
d:\users\onbashira\desktop\k3d12libtestdrawer\k3d12libtestdrawer\k3d12lib\d3d12minilibrary\x64\debug\unorderdaccessview.obj
d:\users\onbashira\desktop\k3d12libtestdrawer\k3d12libtestdrawer\k3d12lib\d3d12minilibrary\x64\debug\logger.obj
d:\users\onbashira\desktop\k3d12libtestdrawer\k3d12libtestdrawer\k3d12lib\d3d12minilibrary\x64\debug\motionmanager.obj
d:\users\onbashira\desktop\k3d12libtestdrawer\k3d12libtestdrawer\k3d12lib\d3d12minilibrary\x64\debug\commandqueue.obj
d:\users\onbashira\desktop\k3d12libtestdrawer\k3d12libtestdrawer\k3d12lib\d3d12minilibrary\x64\debug\fontsmanager.obj
d:\users\onbashira\desktop\k3d12libtestdrawer\k3d12libtestdrawer\k3d12lib\d3d12minilibrary\x64\debug\plane.obj
d:\users\onbashira\desktop\k3d12libtestdrawer\k3d12libtestdrawer\k3d12lib\d3d12minilibrary\x64\debug\gamepad.obj
d:\users\onbashira\desktop\k3d12libtestdrawer\k3d12libtestdrawer\k3d12lib\d3d12minilibrary\x64\debug\modelmesh.obj
d:\users\onbashira\desktop\k3d12libtestdrawer\k3d12libtestdrawer\k3d12lib\d3d12minilibrary\x64\debug\pipelinestateobject.obj
d:\users\onbashira\desktop\k3d12libtestdrawer\k3d12libtestdrawer\k3d12lib\d3d12minilibrary\x64\debug\resource.obj
d:\users\onbashira\desktop\k3d12libtestdrawer\k3d12libtestdrawer\k3d12lib\d3d12minilibrary\x64\debug\shadermanager.obj
d:\users\onbashira\desktop\k3d12libtestdrawer\k3d12libtestdrawer\k3d12lib\d3d12minilibrary\x64\debug\math.obj
d:\users\onbashira\desktop\k3d12libtestdrawer\k3d12libtestdrawer\k3d12lib\d3d12minilibrary\x64\debug\animator.obj
d:\users\onbashira\desktop\k3d12libtestdrawer\k3d12libtestdrawer\k3d12lib\d3d12minilibrary\x64\debug\descriptorheap.obj
d:\users\onbashira\desktop\k3d12libtestdrawer\k3d12libtestdrawer\k3d12lib\d3d12minilibrary\x64\debug\lightmanager.obj
d:\users\onbashira\desktop\k3d12libtestdrawer\k3d12libtestdrawer\k3d12lib\d3d12minilibrary\x64\debug\quad.obj
d:\users\onbashira\desktop\k3d12libtestdrawer\k3d12libtestdrawer\k3d12lib\d3d12minilibrary\x64\debug\mmdmodelresourcedata.obj
d:\users\onbashira\desktop\k3d12libtestdrawer\k3d12libtestdrawer\k3d12lib\d3d12minilibrary\x64\debug\pmdloader.obj
d:\users\onbashira\desktop\k3d12libtestdrawer\k3d12libtestdrawer\k3d12lib\d3d12minilibrary\x64\debug\indexbuffer.obj
d:\users\onbashira\desktop\k3d12libtestdrawer\k3d12libtestdrawer\k3d12lib\d3d12minilibrary\x64\debug\hlslincluder.obj
d:\users\onbashira\desktop\k3d12libtestdrawer\k3d12libtestdrawer\k3d12lib\d3d12minilibrary\x64\debug\commandsignature.obj
d:\users\onbashira\desktop\k3d12libtestdrawer\k3d12libtestdrawer\k3d12lib\d3d12minilibrary\x64\debug\rootsignature.obj
d:\users\onbashira\desktop\k3d12libtestdrawer\k3d12libtestdrawer\k3d12lib\d3d12minilibrary\x64\debug\stdafx.obj
d:\users\onbashira\desktop\k3d12libtestdrawer\k3d12libtestdrawer\k3d12lib\d3d12minilibrary\x64\debug\statemachinecontroller.obj
d:\users\onbashira\desktop\k3d12libtestdrawer\k3d12libtestdrawer\k3d12lib\d3d12minilibrary\x64\debug\debugdevice.obj
d:\users\onbashira\desktop\k3d12libtestdrawer\k3d12libtestdrawer\k3d12lib\d3d12minilibrary\x64\debug\drawablecomponent.obj
d:\users\onbashira\desktop\k3d12libtestdrawer\k3d12libtestdrawer\k3d12lib\d3d12minilibrary\x64\debug\capsule.obj
d:\users\onbashira\desktop\k3d12libtestdrawer\k3d12libtestdrawer\k3d12lib\d3d12minilibrary\x64\debug\sphere.obj
d:\users\onbashira\desktop\k3d12libtestdrawer\k3d12libtestdrawer\k3d12lib\d3d12minilibrary\x64\debug\mmdmodelresourcedatamanager.obj
d:\users\onbashira\desktop\k3d12libtestdrawer\k3d12libtestdrawer\k3d12lib\d3d12minilibrary\x64\debug\pmxloader.obj
d:\users\onbashira\desktop\k3d12libtestdrawer\k3d12libtestdrawer\k3d12lib\d3d12minilibrary\x64\debug\rendertarget.obj
d:\users\onbashira\desktop\k3d12libtestdrawer\k3d12libtestdrawer\k3d12lib\d3d12minilibrary\x64\debug\shadercluster.obj
d:\users\onbashira\desktop\k3d12libtestdrawer\k3d12libtestdrawer\k3d12lib\d3d12minilibrary\x64\debug\texturemanager.obj
d:\users\onbashira\desktop\k3d12libtestdrawer\k3d12libtestdrawer\k3d12lib\d3d12minilibrary\x64\debug\vc141.pdb
d:\users\onbashira\desktop\k3d12libtestdrawer\k3d12libtestdrawer\k3d12lib\d3d12minilibrary\x64\debug\vc141.idb
d:\users\onbashira\desktop\k3d12libtestdrawer\k3d12libtestdrawer\k3d12lib\x64\debug\d3d12minilibrary.exe
d:\users\onbashira\desktop\k3d12libtestdrawer\k3d12libtestdrawer\k3d12lib\x64\debug\d3d12minilibrary.ilk
d:\users\onbashira\desktop\k3d12libtestdrawer\k3d12libtestdrawer\k3d12lib\x64\debug\d3d12minilibrary.pdb
d:\users\onbashira\desktop\k3d12libtestdrawer\k3d12libtestdrawer\k3d12lib\d3d12minilibrary\x64\debug\d3d12system.obj.enc
d:\users\onbashira\desktop\k3d12libtestdrawer\k3d12libtestdrawer\k3d12lib\d3d12minilibrary\x64\debug\d3d12minilibrary.tlog\cl.command.1.tlog
d:\users\onbashira\desktop\k3d12libtestdrawer\k3d12libtestdrawer\k3d12lib\d3d12minilibrary\x64\debug\d3d12minilibrary.tlog\cl.read.1.tlog
d:\users\onbashira\desktop\k3d12libtestdrawer\k3d12libtestdrawer\k3d12lib\d3d12minilibrary\x64\debug\d3d12minilibrary.tlog\cl.write.1.tlog
d:\users\onbashira\desktop\k3d12libtestdrawer\k3d12libtestdrawer\k3d12lib\d3d12minilibrary\x64\debug\d3d12minilibrary.tlog\fxc.command.1.tlog
d:\users\onbashira\desktop\k3d12libtestdrawer\k3d12libtestdrawer\k3d12lib\d3d12minilibrary\x64\debug\d3d12minilibrary.tlog\fxc.read.1.tlog
d:\users\onbashira\desktop\k3d12libtestdrawer\k3d12libtestdrawer\k3d12lib\d3d12minilibrary\x64\debug\d3d12minilibrary.tlog\link.command.1.tlog
d:\users\onbashira\desktop\k3d12libtestdrawer\k3d12libtestdrawer\k3d12lib\d3d12minilibrary\x64\debug\d3d12minilibrary.tlog\link.read.1.tlog
d:\users\onbashira\desktop\k3d12libtestdrawer\k3d12libtestdrawer\k3d12lib\d3d12minilibrary\x64\debug\d3d12minilibrary.tlog\link.write.1.tlog
